<?xml version="1.0" encoding="UTF-8"?>
<robot generator="Robot 4.1.3 (Python 3.10.2 on win32)" generated="20220318 10:40:41.787" rpa="false" schemaversion="2">
<suite id="s1" name="Verify Validcredential Suite" source="D:\ROBOT\robot_framework\login_suite\verify_validcredential_suite.robot">
<test id="s1-t1" name="Verify Valid Credential Test">
<kw name="Launch Browser" library="CommonFunctionality" type="SETUP">
<if>
<branch type="IF" condition="'${BROWSER_NAME}'=='edge'">
<kw name="Set Local Variable" library="BuiltIn">
<arg>${driver_name}</arg>
<arg>msedgedriver.exe</arg>
<doc>Makes a variable available everywhere within the local scope.</doc>
<status status="NOT RUN" starttime="20220318 10:40:43.337" endtime="20220318 10:40:43.338"/>
</kw>
<status status="NOT RUN" starttime="20220318 10:40:43.337" endtime="20220318 10:40:43.338"/>
</branch>
<branch type="ELSE IF" condition="'${BROWSER_NAME}'== 'ff'">
<kw name="Set Local Variable" library="BuiltIn">
<arg>${driver_name}</arg>
<arg>geckodriver.exe</arg>
<doc>Makes a variable available everywhere within the local scope.</doc>
<status status="NOT RUN" starttime="20220318 10:40:43.338" endtime="20220318 10:40:43.338"/>
</kw>
<status status="NOT RUN" starttime="20220318 10:40:43.338" endtime="20220318 10:40:43.338"/>
</branch>
<branch type="ELSE">
<kw name="Set Local Variable" library="BuiltIn">
<arg>${driver_name}</arg>
<arg>chromedriver.exe</arg>
<doc>Makes a variable available everywhere within the local scope.</doc>
<msg timestamp="20220318 10:40:43.340" level="INFO">${driver_name} = chromedriver.exe</msg>
<status status="PASS" starttime="20220318 10:40:43.338" endtime="20220318 10:40:43.340"/>
</kw>
<status status="PASS" starttime="20220318 10:40:43.338" endtime="20220318 10:40:43.340"/>
</branch>
<status status="PASS" starttime="20220318 10:40:43.337" endtime="20220318 10:40:43.340"/>
</if>
<kw name="Open Browser" library="SeleniumLibrary">
<arg>browser=${BROWSER_NAME}</arg>
<arg>executable_path=${EXECDIR}${/}driver${/}${driver_name}</arg>
<doc>Opens a new browser instance to the optional ``url``.</doc>
<msg timestamp="20220318 10:40:43.341" level="INFO">Opening browser 'chrome' to base url 'None'.</msg>
<status status="PASS" starttime="20220318 10:40:43.340" endtime="20220318 10:40:52.504"/>
</kw>
<kw name="Maximize Browser Window" library="SeleniumLibrary">
<doc>Maximizes current browser window.</doc>
<status status="PASS" starttime="20220318 10:40:52.505" endtime="20220318 10:40:52.787"/>
</kw>
<kw name="Set Selenium Implicit Wait" library="SeleniumLibrary">
<arg>30s</arg>
<doc>Sets the implicit wait value used by Selenium.</doc>
<status status="PASS" starttime="20220318 10:40:52.787" endtime="20220318 10:40:52.808"/>
</kw>
<kw name="Set Screenshot Directory" library="SeleniumLibrary">
<arg>${EXECDIR}${/}screenshot</arg>
<doc>Sets the directory for captured screenshots.</doc>
<status status="PASS" starttime="20220318 10:40:52.808" endtime="20220318 10:40:52.811"/>
</kw>
<kw name="Go To" library="SeleniumLibrary">
<arg>url=${URL}</arg>
<doc>Navigates the current browser window to the provided ``url``.</doc>
<msg timestamp="20220318 10:40:52.812" level="INFO">Opening url 'https://opensource-demo.orangehrmlive.com/'</msg>
<status status="PASS" starttime="20220318 10:40:52.811" endtime="20220318 10:40:58.683"/>
</kw>
<status status="PASS" starttime="20220318 10:40:43.336" endtime="20220318 10:40:58.683"/>
</kw>
<kw name="Input Text" library="SeleniumLibrary">
<arg>id=txtUsername</arg>
<arg>Admin</arg>
<doc>Types the given ``text`` into the text field identified by ``locator``.</doc>
<msg timestamp="20220318 10:40:58.703" level="INFO">Typing text 'Admin' into text field 'id=txtUsername'.</msg>
<status status="PASS" starttime="20220318 10:40:58.702" endtime="20220318 10:40:59.487"/>
</kw>
<kw name="Input Password" library="SeleniumLibrary">
<arg>id=txtPassword</arg>
<arg>admin123</arg>
<doc>Types the given password into the text field identified by ``locator``.</doc>
<msg timestamp="20220318 10:40:59.489" level="INFO">Typing password into text field 'id=txtPassword'.</msg>
<msg timestamp="20220318 10:40:59.603" level="INFO">Temporally setting log level to: NONE</msg>
<msg timestamp="20220318 10:40:59.800" level="INFO">Log level changed from NONE to INFO.</msg>
<status status="PASS" starttime="20220318 10:40:59.488" endtime="20220318 10:40:59.800"/>
</kw>
<kw name="Click Element" library="SeleniumLibrary">
<arg>id=btnLogin</arg>
<doc>Click the element identified by ``locator``.</doc>
<msg timestamp="20220318 10:40:59.802" level="INFO">Clicking element 'id=btnLogin'.</msg>
<status status="PASS" starttime="20220318 10:40:59.801" endtime="20220318 10:41:06.899"/>
</kw>
<kw name="Page Should Contain" library="SeleniumLibrary">
<arg>My Info</arg>
<doc>Verifies that current page contains ``text``.</doc>
<msg timestamp="20220318 10:41:07.357" level="INFO">Current page contains text 'My Info'.</msg>
<status status="PASS" starttime="20220318 10:41:06.901" endtime="20220318 10:41:07.357"/>
</kw>
<kw name="Capture Page Screenshot" library="SeleniumLibrary">
<doc>Takes a screenshot of the current page and embeds it into a log file.</doc>
<msg timestamp="20220318 10:41:07.657" level="INFO" html="true">&lt;/td&gt;&lt;/tr&gt;&lt;tr&gt;&lt;td colspan="3"&gt;&lt;a href="screenshot/selenium-screenshot-1.png"&gt;&lt;img src="screenshot/selenium-screenshot-1.png" width="800px"&gt;&lt;/a&gt;</msg>
<status status="PASS" starttime="20220318 10:41:07.358" endtime="20220318 10:41:07.657"/>
</kw>
<kw name="Close Browser" library="SeleniumLibrary" type="TEARDOWN">
<doc>Closes the current browser.</doc>
<status status="PASS" starttime="20220318 10:41:07.660" endtime="20220318 10:41:10.566"/>
</kw>
<status status="PASS" starttime="20220318 10:40:43.334" endtime="20220318 10:41:10.567"/>
</test>
<doc>This suite will handles all the test cases related to valid
credential test for orangehrm. Test case - TC_OH_2</doc>
<status status="PASS" starttime="20220318 10:40:41.791" endtime="20220318 10:41:10.597"/>
</suite>
<statistics>
<total>
<stat pass="1" fail="0" skip="0">All Tests</stat>
</total>
<tag>
</tag>
<suite>
<stat pass="1" fail="0" skip="0" id="s1" name="Verify Validcredential Suite">Verify Validcredential Suite</stat>
</suite>
</statistics>
<errors>
</errors>
</robot>
