<?xml version="1.0" encoding="UTF-8"?>
<robot generator="Robot 4.1.3 (Python 3.10.2 on win32)" generated="20220318 10:47:12.493" rpa="false" schemaversion="2">
<suite id="s1" name="Verify Validcredential Suite" source="D:\ROBOT\robot_framework\login_suite\verify_validcredential_suite.robot">
<test id="s1-t1" name="Verify Valid Credential Test">
<kw name="Launch Browser" library="CommonFunctionality" type="SETUP">
<if>
<branch type="IF" condition="'${BROWSER_NAME}'=='edge'">
<kw name="Set Local Variable" library="BuiltIn">
<arg>${driver_name}</arg>
<arg>msedgedriver.exe</arg>
<doc>Makes a variable available everywhere within the local scope.</doc>
<status status="NOT RUN" starttime="20220318 10:47:13.191" endtime="20220318 10:47:13.191"/>
</kw>
<status status="NOT RUN" starttime="20220318 10:47:13.190" endtime="20220318 10:47:13.191"/>
</branch>
<branch type="ELSE IF" condition="'${BROWSER_NAME}'== 'ff'">
<kw name="Set Local Variable" library="BuiltIn">
<arg>${driver_name}</arg>
<arg>geckodriver.exe</arg>
<doc>Makes a variable available everywhere within the local scope.</doc>
<status status="NOT RUN" starttime="20220318 10:47:13.191" endtime="20220318 10:47:13.192"/>
</kw>
<status status="NOT RUN" starttime="20220318 10:47:13.191" endtime="20220318 10:47:13.192"/>
</branch>
<branch type="ELSE">
<kw name="Set Local Variable" library="BuiltIn">
<arg>${driver_name}</arg>
<arg>chromedriver.exe</arg>
<doc>Makes a variable available everywhere within the local scope.</doc>
<msg timestamp="20220318 10:47:13.193" level="INFO">${driver_name} = chromedriver.exe</msg>
<status status="PASS" starttime="20220318 10:47:13.192" endtime="20220318 10:47:13.193"/>
</kw>
<status status="PASS" starttime="20220318 10:47:13.192" endtime="20220318 10:47:13.193"/>
</branch>
<status status="PASS" starttime="20220318 10:47:13.190" endtime="20220318 10:47:13.193"/>
</if>
<kw name="Open Browser" library="SeleniumLibrary">
<arg>browser=${BROWSER_NAME}</arg>
<arg>executable_path=${EXECDIR}${/}driver${/}${driver_name}</arg>
<doc>Opens a new browser instance to the optional ``url``.</doc>
<msg timestamp="20220318 10:47:13.196" level="INFO">Opening browser 'chrome' to base url 'None'.</msg>
<status status="PASS" starttime="20220318 10:47:13.194" endtime="20220318 10:47:17.544"/>
</kw>
<kw name="Maximize Browser Window" library="SeleniumLibrary">
<doc>Maximizes current browser window.</doc>
<status status="PASS" starttime="20220318 10:47:17.545" endtime="20220318 10:47:17.681"/>
</kw>
<kw name="Set Selenium Implicit Wait" library="SeleniumLibrary">
<arg>30s</arg>
<doc>Sets the implicit wait value used by Selenium.</doc>
<status status="PASS" starttime="20220318 10:47:17.681" endtime="20220318 10:47:17.684"/>
</kw>
<kw name="Set Screenshot Directory" library="SeleniumLibrary">
<arg>${EXECDIR}${/}screenshot</arg>
<doc>Sets the directory for captured screenshots.</doc>
<status status="PASS" starttime="20220318 10:47:17.684" endtime="20220318 10:47:17.684"/>
</kw>
<kw name="Go To" library="SeleniumLibrary">
<arg>url=${URL}</arg>
<doc>Navigates the current browser window to the provided ``url``.</doc>
<msg timestamp="20220318 10:47:17.686" level="INFO">Opening url 'https://opensource-demo.orangehrmlive.com/'</msg>
<status status="PASS" starttime="20220318 10:47:17.686" endtime="20220318 10:47:23.793"/>
</kw>
<status status="PASS" starttime="20220318 10:47:13.189" endtime="20220318 10:47:23.793"/>
</kw>
<kw name="Input Text" library="SeleniumLibrary">
<arg>id=txtUsername</arg>
<arg>Admin</arg>
<doc>Types the given ``text`` into the text field identified by ``locator``.</doc>
<msg timestamp="20220318 10:47:23.794" level="INFO">Typing text 'Admin' into text field 'id=txtUsername'.</msg>
<status status="PASS" starttime="20220318 10:47:23.794" endtime="20220318 10:47:24.919"/>
</kw>
<kw name="Input Password" library="SeleniumLibrary">
<arg>id=txtPassword</arg>
<arg>admin123</arg>
<doc>Types the given password into the text field identified by ``locator``.</doc>
<msg timestamp="20220318 10:47:24.930" level="INFO">Typing password into text field 'id=txtPassword'.</msg>
<msg timestamp="20220318 10:47:25.131" level="INFO">Temporally setting log level to: NONE</msg>
<msg timestamp="20220318 10:47:25.390" level="INFO">Log level changed from NONE to INFO.</msg>
<status status="PASS" starttime="20220318 10:47:24.929" endtime="20220318 10:47:25.390"/>
</kw>
<kw name="Click Element" library="SeleniumLibrary">
<arg>id=btnLogin</arg>
<doc>Click the element identified by ``locator``.</doc>
<msg timestamp="20220318 10:47:25.395" level="INFO">Clicking element 'id=btnLogin'.</msg>
<status status="PASS" starttime="20220318 10:47:25.393" endtime="20220318 10:47:32.851"/>
</kw>
<kw name="Page Should Contain" library="SeleniumLibrary">
<arg>My Info</arg>
<doc>Verifies that current page contains ``text``.</doc>
<msg timestamp="20220318 10:47:33.028" level="INFO">Current page contains text 'My Info'.</msg>
<status status="PASS" starttime="20220318 10:47:32.853" endtime="20220318 10:47:33.028"/>
</kw>
<kw name="Capture Page Screenshot" library="SeleniumLibrary">
<doc>Takes a screenshot of the current page and embeds it into a log file.</doc>
<msg timestamp="20220318 10:47:33.661" level="INFO" html="true">&lt;/td&gt;&lt;/tr&gt;&lt;tr&gt;&lt;td colspan="3"&gt;&lt;a href="screenshot/selenium-screenshot-2.png"&gt;&lt;img src="screenshot/selenium-screenshot-2.png" width="800px"&gt;&lt;/a&gt;</msg>
<status status="PASS" starttime="20220318 10:47:33.029" endtime="20220318 10:47:33.661"/>
</kw>
<kw name="Close Browser" library="SeleniumLibrary" type="TEARDOWN">
<doc>Closes the current browser.</doc>
<status status="PASS" starttime="20220318 10:47:33.662" endtime="20220318 10:47:36.765"/>
</kw>
<status status="PASS" starttime="20220318 10:47:13.189" endtime="20220318 10:47:36.765"/>
</test>
<doc>This suite will handles all the test cases related to valid
credential test for orangehrm. Test case - TC_OH_2</doc>
<status status="PASS" starttime="20220318 10:47:12.499" endtime="20220318 10:47:36.768"/>
</suite>
<statistics>
<total>
<stat pass="1" fail="0" skip="0">All Tests</stat>
</total>
<tag>
</tag>
<suite>
<stat pass="1" fail="0" skip="0" id="s1" name="Verify Validcredential Suite">Verify Validcredential Suite</stat>
</suite>
</statistics>
<errors>
</errors>
</robot>
