<?xml version="1.0" encoding="UTF-8"?>
<robot generator="Robot 4.1.3 (Python 3.10.2 on win32)" generated="20220317 12:01:52.827" rpa="false" schemaversion="2">
<suite id="s1" name="Verify Validcredential Suite" source="D:\ROBOT\robot_framework\login_suite\verify_validcredential_suite.robot">
<test id="s1-t1" name="Verify Valid Credential Test">
<kw name="Launch Browser" library="CommonFunctionality">
<kw name="Open Browser" library="SeleniumLibrary">
<arg>browser=chrome</arg>
<arg>executable_path=${EXECDIR}${/}driver${/}chromedriver.exe</arg>
<doc>Opens a new browser instance to the optional ``url``.</doc>
<msg timestamp="20220317 12:01:54.638" level="INFO">Opening browser 'chrome' to base url 'None'.</msg>
<status status="PASS" starttime="20220317 12:01:54.637" endtime="20220317 12:02:04.810"/>
</kw>
<kw name="Maximize Browser Window" library="SeleniumLibrary">
<doc>Maximizes current browser window.</doc>
<status status="PASS" starttime="20220317 12:02:04.810" endtime="20220317 12:02:04.935"/>
</kw>
<kw name="Set Selenium Implicit Wait" library="SeleniumLibrary">
<arg>30s</arg>
<doc>Sets the implicit wait value used by Selenium.</doc>
<status status="PASS" starttime="20220317 12:02:04.935" endtime="20220317 12:02:04.968"/>
</kw>
<kw name="Go To" library="SeleniumLibrary">
<arg>url=https://opensource-demo.orangehrmlive.com/</arg>
<doc>Navigates the current browser window to the provided ``url``.</doc>
<msg timestamp="20220317 12:02:04.968" level="INFO">Opening url 'https://opensource-demo.orangehrmlive.com/'</msg>
<status status="PASS" starttime="20220317 12:02:04.968" endtime="20220317 12:02:09.693"/>
</kw>
<status status="PASS" starttime="20220317 12:01:54.636" endtime="20220317 12:02:09.694"/>
</kw>
<kw name="Input Text" library="SeleniumLibrary">
<arg>id=txtUsername</arg>
<arg>Admin</arg>
<doc>Types the given ``text`` into the text field identified by ``locator``.</doc>
<msg timestamp="20220317 12:02:09.696" level="INFO">Typing text 'Admin' into text field 'id=txtUsername'.</msg>
<status status="PASS" starttime="20220317 12:02:09.695" endtime="20220317 12:02:09.877"/>
</kw>
<kw name="Input Password" library="SeleniumLibrary">
<arg>id=txtPassword</arg>
<arg>admin123</arg>
<doc>Types the given password into the text field identified by ``locator``.</doc>
<msg timestamp="20220317 12:02:09.882" level="INFO">Typing password into text field 'id=txtPassword'.</msg>
<msg timestamp="20220317 12:02:09.967" level="INFO">Temporally setting log level to: NONE</msg>
<msg timestamp="20220317 12:02:10.066" level="INFO">Log level changed from NONE to INFO.</msg>
<status status="PASS" starttime="20220317 12:02:09.881" endtime="20220317 12:02:10.067"/>
</kw>
<kw name="Click Element" library="SeleniumLibrary">
<arg>id=btnLogin</arg>
<doc>Click the element identified by ``locator``.</doc>
<msg timestamp="20220317 12:02:10.068" level="INFO">Clicking element 'id=btnLogin'.</msg>
<status status="PASS" starttime="20220317 12:02:10.067" endtime="20220317 12:02:18.160"/>
</kw>
<kw name="Page Should Contain" library="SeleniumLibrary">
<arg>My Info</arg>
<doc>Verifies that current page contains ``text``.</doc>
<msg timestamp="20220317 12:02:18.190" level="INFO">Current page contains text 'My Info'.</msg>
<status status="PASS" starttime="20220317 12:02:18.162" endtime="20220317 12:02:18.190"/>
</kw>
<kw name="Close Browser" library="SeleniumLibrary" type="TEARDOWN">
<doc>Closes the current browser.</doc>
<status status="PASS" starttime="20220317 12:02:18.191" endtime="20220317 12:02:22.554"/>
</kw>
<status status="PASS" starttime="20220317 12:01:54.634" endtime="20220317 12:02:22.555"/>
</test>
<doc>This suite will handles all the test cases related to valid
credential test for orangehrm. Test case - TC_OH_2</doc>
<status status="PASS" starttime="20220317 12:01:52.831" endtime="20220317 12:02:22.557"/>
</suite>
<statistics>
<total>
<stat pass="1" fail="0" skip="0">All Tests</stat>
</total>
<tag>
</tag>
<suite>
<stat pass="1" fail="0" skip="0" id="s1" name="Verify Validcredential Suite">Verify Validcredential Suite</stat>
</suite>
</statistics>
<errors>
</errors>
</robot>
