<?xml version="1.0" encoding="UTF-8"?>
<robot generator="Robot 4.1.3 (Python 3.10.2 on win32)" generated="20220317 14:20:35.421" rpa="false" schemaversion="2">
<suite id="s1" name="Verify Invalidcredential Suite" source="D:\ROBOT\robot_framework\login_suite\verify_invalidcredential_suite.robot">
<test id="s1-t1" name="TC1">
<kw name="Launch Browser" library="CommonFunctionality" type="SETUP">
<kw name="Open Browser" library="SeleniumLibrary">
<arg>browser=${BROWSER_NAME}</arg>
<arg>executable_path=${EXECDIR}${/}driver${/}chromedriver.exe</arg>
<doc>Opens a new browser instance to the optional ``url``.</doc>
<msg timestamp="20220317 14:20:36.476" level="INFO">Opening browser 'chrome' to base url 'None'.</msg>
<status status="PASS" starttime="20220317 14:20:36.474" endtime="20220317 14:20:40.403"/>
</kw>
<kw name="Maximize Browser Window" library="SeleniumLibrary">
<doc>Maximizes current browser window.</doc>
<status status="PASS" starttime="20220317 14:20:40.403" endtime="20220317 14:20:40.579"/>
</kw>
<kw name="Set Selenium Implicit Wait" library="SeleniumLibrary">
<arg>30s</arg>
<doc>Sets the implicit wait value used by Selenium.</doc>
<status status="PASS" starttime="20220317 14:20:40.579" endtime="20220317 14:20:40.583"/>
</kw>
<kw name="Go To" library="SeleniumLibrary">
<arg>url=${URL}</arg>
<doc>Navigates the current browser window to the provided ``url``.</doc>
<msg timestamp="20220317 14:20:40.584" level="INFO">Opening url 'https://opensource-demo.orangehrmlive.com/'</msg>
<status status="PASS" starttime="20220317 14:20:40.583" endtime="20220317 14:20:49.217"/>
</kw>
<status status="PASS" starttime="20220317 14:20:36.472" endtime="20220317 14:20:49.217"/>
</kw>
<kw name="Verify Invalid Credential Template">
<arg>John</arg>
<arg>john123</arg>
<arg>Invalid credentials</arg>
<kw name="Input Text" library="SeleniumLibrary">
<arg>id=txtUsername</arg>
<arg>${username}</arg>
<doc>Types the given ``text`` into the text field identified by ``locator``.</doc>
<msg timestamp="20220317 14:20:49.222" level="INFO">Typing text 'John' into text field 'id=txtUsername'.</msg>
<status status="PASS" starttime="20220317 14:20:49.220" endtime="20220317 14:20:50.005"/>
</kw>
<kw name="Input Password" library="SeleniumLibrary">
<arg>id=txtPassword</arg>
<arg>${password}</arg>
<doc>Types the given password into the text field identified by ``locator``.</doc>
<msg timestamp="20220317 14:20:50.006" level="INFO">Typing password into text field 'id=txtPassword'.</msg>
<msg timestamp="20220317 14:20:50.470" level="INFO">Temporally setting log level to: NONE</msg>
<msg timestamp="20220317 14:20:50.675" level="INFO">Log level changed from NONE to INFO.</msg>
<status status="PASS" starttime="20220317 14:20:50.005" endtime="20220317 14:20:50.675"/>
</kw>
<kw name="Click Element" library="SeleniumLibrary">
<arg>id=btnLogin</arg>
<doc>Click the element identified by ``locator``.</doc>
<msg timestamp="20220317 14:20:50.676" level="INFO">Clicking element 'id=btnLogin'.</msg>
<status status="PASS" starttime="20220317 14:20:50.675" endtime="20220317 14:20:52.775"/>
</kw>
<kw name="Element Text Should Be" library="SeleniumLibrary">
<arg>id=spanMessage</arg>
<arg>${expected_error}</arg>
<doc>Verifies that element ``locator`` contains exact the text ``expected``.</doc>
<msg timestamp="20220317 14:20:52.776" level="INFO">Verifying element 'id=spanMessage' contains exact text 'Invalid credentials'.</msg>
<status status="PASS" starttime="20220317 14:20:52.775" endtime="20220317 14:20:53.035"/>
</kw>
<status status="PASS" starttime="20220317 14:20:49.219" endtime="20220317 14:20:53.035"/>
</kw>
<kw name="Close Browser" library="SeleniumLibrary" type="TEARDOWN">
<doc>Closes the current browser.</doc>
<status status="PASS" starttime="20220317 14:20:53.036" endtime="20220317 14:20:56.260"/>
</kw>
<status status="PASS" starttime="20220317 14:20:36.466" endtime="20220317 14:20:56.260"/>
</test>
<test id="s1-t2" name="TC1">
<kw name="Launch Browser" library="CommonFunctionality" type="SETUP">
<kw name="Open Browser" library="SeleniumLibrary">
<arg>browser=${BROWSER_NAME}</arg>
<arg>executable_path=${EXECDIR}${/}driver${/}chromedriver.exe</arg>
<doc>Opens a new browser instance to the optional ``url``.</doc>
<msg timestamp="20220317 14:20:56.268" level="INFO">Opening browser 'chrome' to base url 'None'.</msg>
<status status="PASS" starttime="20220317 14:20:56.266" endtime="20220317 14:21:00.878"/>
</kw>
<kw name="Maximize Browser Window" library="SeleniumLibrary">
<doc>Maximizes current browser window.</doc>
<status status="PASS" starttime="20220317 14:21:00.878" endtime="20220317 14:21:02.502"/>
</kw>
<kw name="Set Selenium Implicit Wait" library="SeleniumLibrary">
<arg>30s</arg>
<doc>Sets the implicit wait value used by Selenium.</doc>
<status status="PASS" starttime="20220317 14:21:02.502" endtime="20220317 14:21:02.505"/>
</kw>
<kw name="Go To" library="SeleniumLibrary">
<arg>url=${URL}</arg>
<doc>Navigates the current browser window to the provided ``url``.</doc>
<msg timestamp="20220317 14:21:02.506" level="INFO">Opening url 'https://opensource-demo.orangehrmlive.com/'</msg>
<status status="PASS" starttime="20220317 14:21:02.505" endtime="20220317 14:21:07.592"/>
</kw>
<status status="PASS" starttime="20220317 14:20:56.265" endtime="20220317 14:21:07.593"/>
</kw>
<kw name="Verify Invalid Credential Template">
<arg>Peter</arg>
<arg>peter123</arg>
<arg>Invalid credentials</arg>
<kw name="Input Text" library="SeleniumLibrary">
<arg>id=txtUsername</arg>
<arg>${username}</arg>
<doc>Types the given ``text`` into the text field identified by ``locator``.</doc>
<msg timestamp="20220317 14:21:07.599" level="INFO">Typing text 'Peter' into text field 'id=txtUsername'.</msg>
<status status="PASS" starttime="20220317 14:21:07.598" endtime="20220317 14:21:07.794"/>
</kw>
<kw name="Input Password" library="SeleniumLibrary">
<arg>id=txtPassword</arg>
<arg>${password}</arg>
<doc>Types the given password into the text field identified by ``locator``.</doc>
<msg timestamp="20220317 14:21:07.796" level="INFO">Typing password into text field 'id=txtPassword'.</msg>
<msg timestamp="20220317 14:21:07.888" level="INFO">Temporally setting log level to: NONE</msg>
<msg timestamp="20220317 14:21:08.010" level="INFO">Log level changed from NONE to INFO.</msg>
<status status="PASS" starttime="20220317 14:21:07.795" endtime="20220317 14:21:08.011"/>
</kw>
<kw name="Click Element" library="SeleniumLibrary">
<arg>id=btnLogin</arg>
<doc>Click the element identified by ``locator``.</doc>
<msg timestamp="20220317 14:21:08.012" level="INFO">Clicking element 'id=btnLogin'.</msg>
<status status="PASS" starttime="20220317 14:21:08.011" endtime="20220317 14:21:10.027"/>
</kw>
<kw name="Element Text Should Be" library="SeleniumLibrary">
<arg>id=spanMessage</arg>
<arg>${expected_error}</arg>
<doc>Verifies that element ``locator`` contains exact the text ``expected``.</doc>
<msg timestamp="20220317 14:21:10.029" level="INFO">Verifying element 'id=spanMessage' contains exact text 'Invalid credentials'.</msg>
<status status="PASS" starttime="20220317 14:21:10.028" endtime="20220317 14:21:10.070"/>
</kw>
<status status="PASS" starttime="20220317 14:21:07.596" endtime="20220317 14:21:10.070"/>
</kw>
<kw name="Close Browser" library="SeleniumLibrary" type="TEARDOWN">
<doc>Closes the current browser.</doc>
<status status="PASS" starttime="20220317 14:21:10.071" endtime="20220317 14:21:12.727"/>
</kw>
<status status="PASS" starttime="20220317 14:20:56.264" endtime="20220317 14:21:12.729"/>
</test>
<doc>This suite will handles all the test cases related to invalid
credential test for orangehrm. Test case - TC_OH_3</doc>
<status status="PASS" starttime="20220317 14:20:35.425" endtime="20220317 14:21:12.735"/>
</suite>
<statistics>
<total>
<stat pass="2" fail="0" skip="0">All Tests</stat>
</total>
<tag>
</tag>
<suite>
<stat pass="2" fail="0" skip="0" id="s1" name="Verify Invalidcredential Suite">Verify Invalidcredential Suite</stat>
</suite>
</statistics>
<errors>
<msg timestamp="20220317 14:20:56.263" level="WARN">Multiple test cases with name 'TC1' executed in test suite 'Verify Invalidcredential Suite'.</msg>
</errors>
</robot>
