<?xml version="1.0" encoding="UTF-8"?>
<robot generator="Robot 4.1.3 (Python 3.10.2 on win32)" generated="20220318 11:26:33.018" rpa="false" schemaversion="2">
<suite id="s1" name="Verify Membership Suite" source="D:\ROBOT\robot_framework\my_info_suite\verify_membership_suite.robot">
<test id="s1-t1" name="TCI">
<kw name="Launch Browser" library="CommonFunctionality" type="SETUP">
<if>
<branch type="IF" condition="'${BROWSER_NAME}'=='edge'">
<kw name="Set Local Variable" library="BuiltIn">
<arg>${driver_name}</arg>
<arg>msedgedriver.exe</arg>
<doc>Makes a variable available everywhere within the local scope.</doc>
<status status="NOT RUN" starttime="20220318 11:27:22.288" endtime="20220318 11:27:22.288"/>
</kw>
<status status="NOT RUN" starttime="20220318 11:27:22.287" endtime="20220318 11:27:22.288"/>
</branch>
<branch type="ELSE IF" condition="'${BROWSER_NAME}'== 'ff'">
<kw name="Set Local Variable" library="BuiltIn">
<arg>${driver_name}</arg>
<arg>geckodriver.exe</arg>
<doc>Makes a variable available everywhere within the local scope.</doc>
<status status="NOT RUN" starttime="20220318 11:27:22.289" endtime="20220318 11:27:22.289"/>
</kw>
<status status="NOT RUN" starttime="20220318 11:27:22.288" endtime="20220318 11:27:22.289"/>
</branch>
<branch type="ELSE">
<kw name="Set Local Variable" library="BuiltIn">
<arg>${driver_name}</arg>
<arg>chromedriver.exe</arg>
<doc>Makes a variable available everywhere within the local scope.</doc>
<msg timestamp="20220318 11:27:22.292" level="INFO">${driver_name} = chromedriver.exe</msg>
<status status="PASS" starttime="20220318 11:27:22.289" endtime="20220318 11:27:22.292"/>
</kw>
<status status="PASS" starttime="20220318 11:27:22.289" endtime="20220318 11:27:22.292"/>
</branch>
<status status="PASS" starttime="20220318 11:27:22.287" endtime="20220318 11:27:22.292"/>
</if>
<kw name="Open Browser" library="SeleniumLibrary">
<arg>browser=${BROWSER_NAME}</arg>
<arg>executable_path=${EXECDIR}${/}driver${/}${driver_name}</arg>
<doc>Opens a new browser instance to the optional ``url``.</doc>
<msg timestamp="20220318 11:27:22.295" level="INFO">Opening browser 'chrome' to base url 'None'.</msg>
<status status="PASS" starttime="20220318 11:27:22.293" endtime="20220318 11:27:36.179"/>
</kw>
<kw name="Maximize Browser Window" library="SeleniumLibrary">
<doc>Maximizes current browser window.</doc>
<status status="PASS" starttime="20220318 11:27:36.179" endtime="20220318 11:27:36.848"/>
</kw>
<kw name="Set Selenium Implicit Wait" library="SeleniumLibrary">
<arg>30s</arg>
<doc>Sets the implicit wait value used by Selenium.</doc>
<status status="PASS" starttime="20220318 11:27:36.849" endtime="20220318 11:27:36.883"/>
</kw>
<kw name="Set Screenshot Directory" library="SeleniumLibrary">
<arg>${EXECDIR}${/}screenshot</arg>
<doc>Sets the directory for captured screenshots.</doc>
<status status="PASS" starttime="20220318 11:27:36.883" endtime="20220318 11:27:36.885"/>
</kw>
<kw name="Go To" library="SeleniumLibrary">
<arg>url=${URL}</arg>
<doc>Navigates the current browser window to the provided ``url``.</doc>
<msg timestamp="20220318 11:27:36.886" level="INFO">Opening url 'https://opensource-demo.orangehrmlive.com/'</msg>
<status status="PASS" starttime="20220318 11:27:36.885" endtime="20220318 11:27:43.284"/>
</kw>
<status status="PASS" starttime="20220318 11:27:22.285" endtime="20220318 11:27:43.285"/>
</kw>
<kw name="Verify Add Membership Template">
<arg>Admin</arg>
<arg>admin123</arg>
<arg>CIMA</arg>
<arg>Company</arg>
<arg>2000</arg>
<arg>AUD</arg>
<arg>2022-03-03</arg>
<arg>2023-03-16</arg>
<kw name="Input Text" library="SeleniumLibrary">
<arg>id=txtUsername</arg>
<arg>${username}</arg>
<doc>Types the given ``text`` into the text field identified by ``locator``.</doc>
<msg timestamp="20220318 11:27:43.290" level="INFO">Typing text 'Admin' into text field 'id=txtUsername'.</msg>
<status status="PASS" starttime="20220318 11:27:43.289" endtime="20220318 11:27:44.271"/>
</kw>
<kw name="Input Password" library="SeleniumLibrary">
<arg>id=txtPassword</arg>
<arg>${password}</arg>
<doc>Types the given password into the text field identified by ``locator``.</doc>
<msg timestamp="20220318 11:27:44.272" level="INFO">Typing password into text field 'id=txtPassword'.</msg>
<msg timestamp="20220318 11:27:44.399" level="INFO">Temporally setting log level to: NONE</msg>
<msg timestamp="20220318 11:27:44.732" level="INFO">Log level changed from NONE to INFO.</msg>
<status status="PASS" starttime="20220318 11:27:44.271" endtime="20220318 11:27:44.732"/>
</kw>
<kw name="Click Element" library="SeleniumLibrary">
<arg>id=btnLogin</arg>
<doc>Click the element identified by ``locator``.</doc>
<msg timestamp="20220318 11:27:44.733" level="INFO">Clicking element 'id=btnLogin'.</msg>
<status status="PASS" starttime="20220318 11:27:44.733" endtime="20220318 11:27:53.243"/>
</kw>
<kw name="Click Element" library="SeleniumLibrary">
<arg>id=menu_pim_viewMyDetails</arg>
<doc>Click the element identified by ``locator``.</doc>
<msg timestamp="20220318 11:27:53.244" level="INFO">Clicking element 'id=menu_pim_viewMyDetails'.</msg>
<status status="PASS" starttime="20220318 11:27:53.243" endtime="20220318 11:27:55.991"/>
</kw>
<kw name="Click Element" library="SeleniumLibrary">
<arg>link=Memberships</arg>
<doc>Click the element identified by ``locator``.</doc>
<msg timestamp="20220318 11:27:55.992" level="INFO">Clicking element 'link=Memberships'.</msg>
<status status="PASS" starttime="20220318 11:27:55.991" endtime="20220318 11:27:58.133"/>
</kw>
<kw name="Click Element" library="SeleniumLibrary">
<arg>id=btnAddMembershipDetail</arg>
<doc>Click the element identified by ``locator``.</doc>
<msg timestamp="20220318 11:27:58.134" level="INFO">Clicking element 'id=btnAddMembershipDetail'.</msg>
<status status="PASS" starttime="20220318 11:27:58.134" endtime="20220318 11:27:58.288"/>
</kw>
<kw name="Select From List By Label" library="SeleniumLibrary">
<arg>id=membership_membership</arg>
<arg>${membership}</arg>
<doc>Selects options from selection list ``locator`` by ``labels``.</doc>
<msg timestamp="20220318 11:27:58.290" level="INFO">Selecting options from selection list 'id=membership_membership' by label CIMA.</msg>
<status status="PASS" starttime="20220318 11:27:58.288" endtime="20220318 11:27:58.683"/>
</kw>
<kw name="Select From List By Label" library="SeleniumLibrary">
<arg>id=membership_subscriptionPaidBy</arg>
<arg>${subscription_paid_by}</arg>
<doc>Selects options from selection list ``locator`` by ``labels``.</doc>
<msg timestamp="20220318 11:27:58.684" level="INFO">Selecting options from selection list 'id=membership_subscriptionPaidBy' by label Company.</msg>
<status status="PASS" starttime="20220318 11:27:58.683" endtime="20220318 11:27:58.803"/>
</kw>
<kw name="Input Text" library="SeleniumLibrary">
<arg>id=membership_subscriptionAmount</arg>
<arg>${subscription_amount}</arg>
<doc>Types the given ``text`` into the text field identified by ``locator``.</doc>
<msg timestamp="20220318 11:27:58.805" level="INFO">Typing text '2000' into text field 'id=membership_subscriptionAmount'.</msg>
<status status="PASS" starttime="20220318 11:27:58.804" endtime="20220318 11:27:59.133"/>
</kw>
<kw name="Select From List By Value" library="SeleniumLibrary">
<arg>id=membership_currency</arg>
<arg>${currency}</arg>
<doc>Selects options from selection list ``locator`` by ``values``.</doc>
<msg timestamp="20220318 11:27:59.135" level="INFO">Selecting options from selection list 'id=membership_currency' by value AUD.</msg>
<status status="PASS" starttime="20220318 11:27:59.134" endtime="20220318 11:27:59.259"/>
</kw>
<kw name="Input Text" library="SeleniumLibrary">
<arg>id=membership_subscriptionCommenceDate</arg>
<arg>${commence_date}</arg>
<doc>Types the given ``text`` into the text field identified by ``locator``.</doc>
<msg timestamp="20220318 11:27:59.260" level="INFO">Typing text '2022-03-03' into text field 'id=membership_subscriptionCommenceDate'.</msg>
<status status="PASS" starttime="20220318 11:27:59.259" endtime="20220318 11:27:59.618"/>
</kw>
<kw name="Input Text" library="SeleniumLibrary">
<arg>id=membership_subscriptionRenewalDate</arg>
<arg>${renewal_date}</arg>
<doc>Types the given ``text`` into the text field identified by ``locator``.</doc>
<msg timestamp="20220318 11:27:59.620" level="INFO">Typing text '2023-03-16' into text field 'id=membership_subscriptionRenewalDate'.</msg>
<status status="PASS" starttime="20220318 11:27:59.619" endtime="20220318 11:27:59.982"/>
</kw>
<kw name="Click Element" library="SeleniumLibrary">
<arg>id=btnSaveMembership</arg>
<doc>Click the element identified by ``locator``.</doc>
<msg timestamp="20220318 11:27:59.983" level="INFO">Clicking element 'id=btnSaveMembership'.</msg>
<status status="PASS" starttime="20220318 11:27:59.982" endtime="20220318 11:28:01.807"/>
</kw>
<kw name="Table Should Contain" library="SeleniumLibrary">
<arg>xpath=//table[@class='table hover']</arg>
<arg>${membership}</arg>
<doc>Verifies table contains text ``expected``.</doc>
<status status="PASS" starttime="20220318 11:28:01.808" endtime="20220318 11:28:02.918"/>
</kw>
<kw name="Table Should Contain" library="SeleniumLibrary">
<arg>xpath=//table[@class='table hover']</arg>
<arg>${subscription_paid_by}</arg>
<doc>Verifies table contains text ``expected``.</doc>
<status status="PASS" starttime="20220318 11:28:02.919" endtime="20220318 11:28:03.668"/>
</kw>
<kw name="Table Should Contain" library="SeleniumLibrary">
<arg>xpath=//table[@class='table hover']</arg>
<arg>${commence_date}</arg>
<doc>Verifies table contains text ``expected``.</doc>
<status status="PASS" starttime="20220318 11:28:03.668" endtime="20220318 11:28:04.362"/>
</kw>
<kw name="Table Should Contain" library="SeleniumLibrary">
<arg>xpath=//table[@class='table hover']</arg>
<arg>${renewal_date}</arg>
<doc>Verifies table contains text ``expected``.</doc>
<status status="PASS" starttime="20220318 11:28:04.363" endtime="20220318 11:28:04.899"/>
</kw>
<status status="PASS" starttime="20220318 11:27:43.286" endtime="20220318 11:28:04.899"/>
</kw>
<kw name="Close Browser" library="SeleniumLibrary" type="TEARDOWN">
<doc>Closes the current browser.</doc>
<status status="PASS" starttime="20220318 11:28:04.900" endtime="20220318 11:28:17.579"/>
</kw>
<status status="PASS" starttime="20220318 11:27:22.280" endtime="20220318 11:28:17.580"/>
</test>
<test id="s1-t2" name="TCI">
<kw name="Launch Browser" library="CommonFunctionality" type="SETUP">
<if>
<branch type="IF" condition="'${BROWSER_NAME}'=='edge'">
<kw name="Set Local Variable" library="BuiltIn">
<arg>${driver_name}</arg>
<arg>msedgedriver.exe</arg>
<doc>Makes a variable available everywhere within the local scope.</doc>
<status status="NOT RUN" starttime="20220318 11:28:17.590" endtime="20220318 11:28:17.590"/>
</kw>
<status status="NOT RUN" starttime="20220318 11:28:17.589" endtime="20220318 11:28:17.590"/>
</branch>
<branch type="ELSE IF" condition="'${BROWSER_NAME}'== 'ff'">
<kw name="Set Local Variable" library="BuiltIn">
<arg>${driver_name}</arg>
<arg>geckodriver.exe</arg>
<doc>Makes a variable available everywhere within the local scope.</doc>
<status status="NOT RUN" starttime="20220318 11:28:17.591" endtime="20220318 11:28:17.591"/>
</kw>
<status status="NOT RUN" starttime="20220318 11:28:17.591" endtime="20220318 11:28:17.591"/>
</branch>
<branch type="ELSE">
<kw name="Set Local Variable" library="BuiltIn">
<arg>${driver_name}</arg>
<arg>chromedriver.exe</arg>
<doc>Makes a variable available everywhere within the local scope.</doc>
<msg timestamp="20220318 11:28:17.595" level="INFO">${driver_name} = chromedriver.exe</msg>
<status status="PASS" starttime="20220318 11:28:17.591" endtime="20220318 11:28:17.595"/>
</kw>
<status status="PASS" starttime="20220318 11:28:17.591" endtime="20220318 11:28:17.595"/>
</branch>
<status status="PASS" starttime="20220318 11:28:17.589" endtime="20220318 11:28:17.596"/>
</if>
<kw name="Open Browser" library="SeleniumLibrary">
<arg>browser=${BROWSER_NAME}</arg>
<arg>executable_path=${EXECDIR}${/}driver${/}${driver_name}</arg>
<doc>Opens a new browser instance to the optional ``url``.</doc>
<msg timestamp="20220318 11:28:17.598" level="INFO">Opening browser 'chrome' to base url 'None'.</msg>
<status status="PASS" starttime="20220318 11:28:17.596" endtime="20220318 11:28:30.822"/>
</kw>
<kw name="Maximize Browser Window" library="SeleniumLibrary">
<doc>Maximizes current browser window.</doc>
<status status="PASS" starttime="20220318 11:28:30.822" endtime="20220318 11:28:32.081"/>
</kw>
<kw name="Set Selenium Implicit Wait" library="SeleniumLibrary">
<arg>30s</arg>
<doc>Sets the implicit wait value used by Selenium.</doc>
<status status="PASS" starttime="20220318 11:28:32.081" endtime="20220318 11:28:32.096"/>
</kw>
<kw name="Set Screenshot Directory" library="SeleniumLibrary">
<arg>${EXECDIR}${/}screenshot</arg>
<doc>Sets the directory for captured screenshots.</doc>
<status status="PASS" starttime="20220318 11:28:32.096" endtime="20220318 11:28:32.097"/>
</kw>
<kw name="Go To" library="SeleniumLibrary">
<arg>url=${URL}</arg>
<doc>Navigates the current browser window to the provided ``url``.</doc>
<msg timestamp="20220318 11:28:32.099" level="INFO">Opening url 'https://opensource-demo.orangehrmlive.com/'</msg>
<status status="PASS" starttime="20220318 11:28:32.098" endtime="20220318 11:28:37.678"/>
</kw>
<status status="PASS" starttime="20220318 11:28:17.588" endtime="20220318 11:28:37.678"/>
</kw>
<kw name="Verify Add Membership Template">
<arg>Admin</arg>
<arg>admin123</arg>
<arg>ACCA</arg>
<arg>Individual</arg>
<arg>500</arg>
<arg>AUD</arg>
<arg>2022-03-19</arg>
<arg>2023-03-02</arg>
<kw name="Input Text" library="SeleniumLibrary">
<arg>id=txtUsername</arg>
<arg>${username}</arg>
<doc>Types the given ``text`` into the text field identified by ``locator``.</doc>
<msg timestamp="20220318 11:28:37.681" level="INFO">Typing text 'Admin' into text field 'id=txtUsername'.</msg>
<status status="PASS" starttime="20220318 11:28:37.680" endtime="20220318 11:28:38.027"/>
</kw>
<kw name="Input Password" library="SeleniumLibrary">
<arg>id=txtPassword</arg>
<arg>${password}</arg>
<doc>Types the given password into the text field identified by ``locator``.</doc>
<msg timestamp="20220318 11:28:38.028" level="INFO">Typing password into text field 'id=txtPassword'.</msg>
<msg timestamp="20220318 11:28:38.115" level="INFO">Temporally setting log level to: NONE</msg>
<msg timestamp="20220318 11:28:38.209" level="INFO">Log level changed from NONE to INFO.</msg>
<status status="PASS" starttime="20220318 11:28:38.027" endtime="20220318 11:28:38.209"/>
</kw>
<kw name="Click Element" library="SeleniumLibrary">
<arg>id=btnLogin</arg>
<doc>Click the element identified by ``locator``.</doc>
<msg timestamp="20220318 11:28:38.211" level="INFO">Clicking element 'id=btnLogin'.</msg>
<status status="PASS" starttime="20220318 11:28:38.210" endtime="20220318 11:28:47.648"/>
</kw>
<kw name="Click Element" library="SeleniumLibrary">
<arg>id=menu_pim_viewMyDetails</arg>
<doc>Click the element identified by ``locator``.</doc>
<msg timestamp="20220318 11:28:47.649" level="INFO">Clicking element 'id=menu_pim_viewMyDetails'.</msg>
<status status="PASS" starttime="20220318 11:28:47.648" endtime="20220318 11:28:50.442"/>
</kw>
<kw name="Click Element" library="SeleniumLibrary">
<arg>link=Memberships</arg>
<doc>Click the element identified by ``locator``.</doc>
<msg timestamp="20220318 11:28:50.443" level="INFO">Clicking element 'link=Memberships'.</msg>
<status status="PASS" starttime="20220318 11:28:50.442" endtime="20220318 11:28:52.398"/>
</kw>
<kw name="Click Element" library="SeleniumLibrary">
<arg>id=btnAddMembershipDetail</arg>
<doc>Click the element identified by ``locator``.</doc>
<msg timestamp="20220318 11:28:52.399" level="INFO">Clicking element 'id=btnAddMembershipDetail'.</msg>
<status status="PASS" starttime="20220318 11:28:52.398" endtime="20220318 11:28:52.590"/>
</kw>
<kw name="Select From List By Label" library="SeleniumLibrary">
<arg>id=membership_membership</arg>
<arg>${membership}</arg>
<doc>Selects options from selection list ``locator`` by ``labels``.</doc>
<msg timestamp="20220318 11:28:52.593" level="INFO">Selecting options from selection list 'id=membership_membership' by label ACCA.</msg>
<status status="PASS" starttime="20220318 11:28:52.591" endtime="20220318 11:28:52.799"/>
</kw>
<kw name="Select From List By Label" library="SeleniumLibrary">
<arg>id=membership_subscriptionPaidBy</arg>
<arg>${subscription_paid_by}</arg>
<doc>Selects options from selection list ``locator`` by ``labels``.</doc>
<msg timestamp="20220318 11:28:52.800" level="INFO">Selecting options from selection list 'id=membership_subscriptionPaidBy' by label Individual.</msg>
<status status="PASS" starttime="20220318 11:28:52.799" endtime="20220318 11:28:53.021"/>
</kw>
<kw name="Input Text" library="SeleniumLibrary">
<arg>id=membership_subscriptionAmount</arg>
<arg>${subscription_amount}</arg>
<doc>Types the given ``text`` into the text field identified by ``locator``.</doc>
<msg timestamp="20220318 11:28:53.023" level="INFO">Typing text '500' into text field 'id=membership_subscriptionAmount'.</msg>
<status status="PASS" starttime="20220318 11:28:53.021" endtime="20220318 11:28:53.472"/>
</kw>
<kw name="Select From List By Value" library="SeleniumLibrary">
<arg>id=membership_currency</arg>
<arg>${currency}</arg>
<doc>Selects options from selection list ``locator`` by ``values``.</doc>
<msg timestamp="20220318 11:28:53.474" level="INFO">Selecting options from selection list 'id=membership_currency' by value AUD.</msg>
<status status="PASS" starttime="20220318 11:28:53.472" endtime="20220318 11:28:53.807"/>
</kw>
<kw name="Input Text" library="SeleniumLibrary">
<arg>id=membership_subscriptionCommenceDate</arg>
<arg>${commence_date}</arg>
<doc>Types the given ``text`` into the text field identified by ``locator``.</doc>
<msg timestamp="20220318 11:28:53.808" level="INFO">Typing text '2022-03-19' into text field 'id=membership_subscriptionCommenceDate'.</msg>
<status status="PASS" starttime="20220318 11:28:53.808" endtime="20220318 11:28:54.311"/>
</kw>
<kw name="Input Text" library="SeleniumLibrary">
<arg>id=membership_subscriptionRenewalDate</arg>
<arg>${renewal_date}</arg>
<doc>Types the given ``text`` into the text field identified by ``locator``.</doc>
<msg timestamp="20220318 11:28:54.313" level="INFO">Typing text '2023-03-02' into text field 'id=membership_subscriptionRenewalDate'.</msg>
<status status="PASS" starttime="20220318 11:28:54.311" endtime="20220318 11:28:54.616"/>
</kw>
<kw name="Click Element" library="SeleniumLibrary">
<arg>id=btnSaveMembership</arg>
<doc>Click the element identified by ``locator``.</doc>
<msg timestamp="20220318 11:28:54.617" level="INFO">Clicking element 'id=btnSaveMembership'.</msg>
<status status="PASS" starttime="20220318 11:28:54.616" endtime="20220318 11:28:56.921"/>
</kw>
<kw name="Table Should Contain" library="SeleniumLibrary">
<arg>xpath=//table[@class='table hover']</arg>
<arg>${membership}</arg>
<doc>Verifies table contains text ``expected``.</doc>
<status status="PASS" starttime="20220318 11:28:56.921" endtime="20220318 11:28:58.479"/>
</kw>
<kw name="Table Should Contain" library="SeleniumLibrary">
<arg>xpath=//table[@class='table hover']</arg>
<arg>${subscription_paid_by}</arg>
<doc>Verifies table contains text ``expected``.</doc>
<status status="PASS" starttime="20220318 11:28:58.480" endtime="20220318 11:28:59.001"/>
</kw>
<kw name="Table Should Contain" library="SeleniumLibrary">
<arg>xpath=//table[@class='table hover']</arg>
<arg>${commence_date}</arg>
<doc>Verifies table contains text ``expected``.</doc>
<status status="PASS" starttime="20220318 11:28:59.001" endtime="20220318 11:28:59.400"/>
</kw>
<kw name="Table Should Contain" library="SeleniumLibrary">
<arg>xpath=//table[@class='table hover']</arg>
<arg>${renewal_date}</arg>
<doc>Verifies table contains text ``expected``.</doc>
<status status="PASS" starttime="20220318 11:28:59.400" endtime="20220318 11:28:59.906"/>
</kw>
<status status="PASS" starttime="20220318 11:28:37.679" endtime="20220318 11:28:59.906"/>
</kw>
<kw name="Close Browser" library="SeleniumLibrary" type="TEARDOWN">
<doc>Closes the current browser.</doc>
<status status="PASS" starttime="20220318 11:28:59.912" endtime="20220318 11:29:06.146"/>
</kw>
<status status="PASS" starttime="20220318 11:28:17.584" endtime="20220318 11:29:06.147"/>
</test>
<doc>This suite will test the membership details</doc>
<status status="PASS" starttime="20220318 11:26:33.026" endtime="20220318 11:29:06.151"/>
</suite>
<statistics>
<total>
<stat pass="2" fail="0" skip="0">All Tests</stat>
</total>
<tag>
</tag>
<suite>
<stat pass="2" fail="0" skip="0" id="s1" name="Verify Membership Suite">Verify Membership Suite</stat>
</suite>
</statistics>
<errors>
<msg timestamp="20220318 11:28:17.582" level="WARN">Multiple test cases with name 'TCI' executed in test suite 'Verify Membership Suite'.</msg>
</errors>
</robot>
