<?xml version="1.0" encoding="UTF-8"?>
<robot generator="Robot 4.1.3 (Python 3.10.2 on win32)" generated="20220317 18:00:19.357" rpa="false" schemaversion="2">
<suite id="s1" name="Verify Emergency Contact Suite" source="D:\ROBOT\robot_framework\my_info_suite\verify_emergency_contact_suite.robot">
<test id="s1-t1" name="TC1">
<kw name="Launch Browser" library="CommonFunctionality" type="SETUP">
<kw name="Open Browser" library="SeleniumLibrary">
<arg>browser=${BROWSER_NAME}</arg>
<arg>executable_path=${EXECDIR}${/}driver${/}chromedriver.exe</arg>
<doc>Opens a new browser instance to the optional ``url``.</doc>
<msg timestamp="20220317 18:00:21.398" level="INFO">Opening browser 'chrome' to base url 'None'.</msg>
<status status="PASS" starttime="20220317 18:00:21.398" endtime="20220317 18:00:24.959"/>
</kw>
<kw name="Maximize Browser Window" library="SeleniumLibrary">
<doc>Maximizes current browser window.</doc>
<status status="PASS" starttime="20220317 18:00:24.959" endtime="20220317 18:00:25.088"/>
</kw>
<kw name="Set Selenium Implicit Wait" library="SeleniumLibrary">
<arg>30s</arg>
<doc>Sets the implicit wait value used by Selenium.</doc>
<status status="PASS" starttime="20220317 18:00:25.088" endtime="20220317 18:00:25.088"/>
</kw>
<kw name="Go To" library="SeleniumLibrary">
<arg>url=${URL}</arg>
<doc>Navigates the current browser window to the provided ``url``.</doc>
<msg timestamp="20220317 18:00:25.088" level="INFO">Opening url 'https://opensource-demo.orangehrmlive.com/'</msg>
<status status="PASS" starttime="20220317 18:00:25.088" endtime="20220317 18:00:31.929"/>
</kw>
<status status="PASS" starttime="20220317 18:00:21.398" endtime="20220317 18:00:31.929"/>
</kw>
<kw name="Verify Add Emergency Contact Template">
<arg>Admin</arg>
<arg>admin123</arg>
<arg>John</arg>
<arg>Brother</arg>
<arg>787878</arg>
<kw name="Input Text" library="SeleniumLibrary">
<arg>id=txtUsername</arg>
<arg>${username}</arg>
<doc>Types the given ``text`` into the text field identified by ``locator``.</doc>
<msg timestamp="20220317 18:00:31.933" level="INFO">Typing text 'Admin' into text field 'id=txtUsername'.</msg>
<status status="PASS" starttime="20220317 18:00:31.932" endtime="20220317 18:00:32.101"/>
</kw>
<kw name="Input Password" library="SeleniumLibrary">
<arg>id=txtPassword</arg>
<arg>${password}</arg>
<doc>Types the given password into the text field identified by ``locator``.</doc>
<msg timestamp="20220317 18:00:32.101" level="INFO">Typing password into text field 'id=txtPassword'.</msg>
<msg timestamp="20220317 18:00:32.195" level="INFO">Temporally setting log level to: NONE</msg>
<msg timestamp="20220317 18:00:32.288" level="INFO">Log level changed from NONE to INFO.</msg>
<status status="PASS" starttime="20220317 18:00:32.101" endtime="20220317 18:00:32.288"/>
</kw>
<kw name="Click Element" library="SeleniumLibrary">
<arg>id=btnLogin</arg>
<doc>Click the element identified by ``locator``.</doc>
<msg timestamp="20220317 18:00:32.288" level="INFO">Clicking element 'id=btnLogin'.</msg>
<status status="PASS" starttime="20220317 18:00:32.288" endtime="20220317 18:00:39.110"/>
</kw>
<kw name="Click Element" library="SeleniumLibrary">
<arg>id=menu_pim_viewMyDetails</arg>
<doc>Click the element identified by ``locator``.</doc>
<msg timestamp="20220317 18:00:39.111" level="INFO">Clicking element 'id=menu_pim_viewMyDetails'.</msg>
<status status="PASS" starttime="20220317 18:00:39.110" endtime="20220317 18:00:41.607"/>
</kw>
<kw name="Click Element" library="SeleniumLibrary">
<arg>partial link=Emergency Contacts</arg>
<doc>Click the element identified by ``locator``.</doc>
<msg timestamp="20220317 18:00:41.608" level="INFO">Clicking element 'partial link=Emergency Contacts'.</msg>
<status status="PASS" starttime="20220317 18:00:41.607" endtime="20220317 18:00:43.089"/>
</kw>
<kw name="Click Element" library="SeleniumLibrary">
<arg>id=btnAddContact</arg>
<doc>Click the element identified by ``locator``.</doc>
<msg timestamp="20220317 18:00:43.091" level="INFO">Clicking element 'id=btnAddContact'.</msg>
<status status="PASS" starttime="20220317 18:00:43.090" endtime="20220317 18:00:43.209"/>
</kw>
<kw name="Input Text" library="SeleniumLibrary">
<arg>name=emgcontacts[name]</arg>
<arg>${contact_name}</arg>
<doc>Types the given ``text`` into the text field identified by ``locator``.</doc>
<msg timestamp="20220317 18:00:43.210" level="INFO">Typing text 'John' into text field 'name=emgcontacts[name]'.</msg>
<status status="PASS" starttime="20220317 18:00:43.209" endtime="20220317 18:00:43.362"/>
</kw>
<kw name="Input Text" library="SeleniumLibrary">
<arg>id=emgcontacts_relationship</arg>
<arg>${relationship}</arg>
<doc>Types the given ``text`` into the text field identified by ``locator``.</doc>
<msg timestamp="20220317 18:00:43.363" level="INFO">Typing text 'Brother' into text field 'id=emgcontacts_relationship'.</msg>
<status status="PASS" starttime="20220317 18:00:43.362" endtime="20220317 18:00:43.509"/>
</kw>
<kw name="Input Text" library="SeleniumLibrary">
<arg>id=emgcontacts_homePhone</arg>
<arg>${home_telephone}</arg>
<doc>Types the given ``text`` into the text field identified by ``locator``.</doc>
<msg timestamp="20220317 18:00:43.510" level="INFO">Typing text '787878' into text field 'id=emgcontacts_homePhone'.</msg>
<status status="PASS" starttime="20220317 18:00:43.509" endtime="20220317 18:00:43.700"/>
</kw>
<kw name="Click Element" library="SeleniumLibrary">
<arg>id=btnSaveEContact</arg>
<doc>Click the element identified by ``locator``.</doc>
<msg timestamp="20220317 18:00:43.701" level="INFO">Clicking element 'id=btnSaveEContact'.</msg>
<status status="PASS" starttime="20220317 18:00:43.701" endtime="20220317 18:00:45.485"/>
</kw>
<kw name="Table Should Contain" library="SeleniumLibrary">
<arg>id=emgcontact_list</arg>
<arg>${contact_name}</arg>
<doc>Verifies table contains text ``expected``.</doc>
<status status="PASS" starttime="20220317 18:00:45.485" endtime="20220317 18:00:46.163"/>
</kw>
<kw name="Table Should Contain" library="SeleniumLibrary">
<arg>id=emgcontact_list</arg>
<arg>${home_telephone}</arg>
<doc>Verifies table contains text ``expected``.</doc>
<status status="PASS" starttime="20220317 18:00:46.163" endtime="20220317 18:00:46.687"/>
</kw>
<status status="PASS" starttime="20220317 18:00:31.930" endtime="20220317 18:00:46.688"/>
</kw>
<kw name="Close Browser" library="SeleniumLibrary" type="TEARDOWN">
<doc>Closes the current browser.</doc>
<status status="PASS" starttime="20220317 18:00:46.689" endtime="20220317 18:00:49.007"/>
</kw>
<status status="PASS" starttime="20220317 18:00:21.382" endtime="20220317 18:00:49.007"/>
</test>
<test id="s1-t2" name="TC1">
<kw name="Launch Browser" library="CommonFunctionality" type="SETUP">
<kw name="Open Browser" library="SeleniumLibrary">
<arg>browser=${BROWSER_NAME}</arg>
<arg>executable_path=${EXECDIR}${/}driver${/}chromedriver.exe</arg>
<doc>Opens a new browser instance to the optional ``url``.</doc>
<msg timestamp="20220317 18:00:49.007" level="INFO">Opening browser 'chrome' to base url 'None'.</msg>
<status status="PASS" starttime="20220317 18:00:49.007" endtime="20220317 18:00:51.038"/>
</kw>
<kw name="Maximize Browser Window" library="SeleniumLibrary">
<doc>Maximizes current browser window.</doc>
<status status="PASS" starttime="20220317 18:00:51.038" endtime="20220317 18:00:51.205"/>
</kw>
<kw name="Set Selenium Implicit Wait" library="SeleniumLibrary">
<arg>30s</arg>
<doc>Sets the implicit wait value used by Selenium.</doc>
<status status="PASS" starttime="20220317 18:00:51.205" endtime="20220317 18:00:51.205"/>
</kw>
<kw name="Go To" library="SeleniumLibrary">
<arg>url=${URL}</arg>
<doc>Navigates the current browser window to the provided ``url``.</doc>
<msg timestamp="20220317 18:00:51.205" level="INFO">Opening url 'https://opensource-demo.orangehrmlive.com/'</msg>
<status status="PASS" starttime="20220317 18:00:51.205" endtime="20220317 18:00:58.437"/>
</kw>
<status status="PASS" starttime="20220317 18:00:49.007" endtime="20220317 18:00:58.438"/>
</kw>
<kw name="Verify Add Emergency Contact Template">
<arg>Admin</arg>
<arg>admin123</arg>
<arg>Sandy</arg>
<arg>Sister</arg>
<arg>787878</arg>
<kw name="Input Text" library="SeleniumLibrary">
<arg>id=txtUsername</arg>
<arg>${username}</arg>
<doc>Types the given ``text`` into the text field identified by ``locator``.</doc>
<msg timestamp="20220317 18:00:58.442" level="INFO">Typing text 'Admin' into text field 'id=txtUsername'.</msg>
<status status="PASS" starttime="20220317 18:00:58.440" endtime="20220317 18:00:58.607"/>
</kw>
<kw name="Input Password" library="SeleniumLibrary">
<arg>id=txtPassword</arg>
<arg>${password}</arg>
<doc>Types the given password into the text field identified by ``locator``.</doc>
<msg timestamp="20220317 18:00:58.607" level="INFO">Typing password into text field 'id=txtPassword'.</msg>
<msg timestamp="20220317 18:00:58.685" level="INFO">Temporally setting log level to: NONE</msg>
<msg timestamp="20220317 18:00:58.779" level="INFO">Log level changed from NONE to INFO.</msg>
<status status="PASS" starttime="20220317 18:00:58.607" endtime="20220317 18:00:58.779"/>
</kw>
<kw name="Click Element" library="SeleniumLibrary">
<arg>id=btnLogin</arg>
<doc>Click the element identified by ``locator``.</doc>
<msg timestamp="20220317 18:00:58.779" level="INFO">Clicking element 'id=btnLogin'.</msg>
<status status="PASS" starttime="20220317 18:00:58.779" endtime="20220317 18:01:04.717"/>
</kw>
<kw name="Click Element" library="SeleniumLibrary">
<arg>id=menu_pim_viewMyDetails</arg>
<doc>Click the element identified by ``locator``.</doc>
<msg timestamp="20220317 18:01:04.719" level="INFO">Clicking element 'id=menu_pim_viewMyDetails'.</msg>
<status status="PASS" starttime="20220317 18:01:04.718" endtime="20220317 18:01:07.206"/>
</kw>
<kw name="Click Element" library="SeleniumLibrary">
<arg>partial link=Emergency Contacts</arg>
<doc>Click the element identified by ``locator``.</doc>
<msg timestamp="20220317 18:01:07.206" level="INFO">Clicking element 'partial link=Emergency Contacts'.</msg>
<status status="PASS" starttime="20220317 18:01:07.206" endtime="20220317 18:01:08.690"/>
</kw>
<kw name="Click Element" library="SeleniumLibrary">
<arg>id=btnAddContact</arg>
<doc>Click the element identified by ``locator``.</doc>
<msg timestamp="20220317 18:01:08.692" level="INFO">Clicking element 'id=btnAddContact'.</msg>
<status status="PASS" starttime="20220317 18:01:08.690" endtime="20220317 18:01:08.814"/>
</kw>
<kw name="Input Text" library="SeleniumLibrary">
<arg>name=emgcontacts[name]</arg>
<arg>${contact_name}</arg>
<doc>Types the given ``text`` into the text field identified by ``locator``.</doc>
<msg timestamp="20220317 18:01:08.816" level="INFO">Typing text 'Sandy' into text field 'name=emgcontacts[name]'.</msg>
<status status="PASS" starttime="20220317 18:01:08.815" endtime="20220317 18:01:08.969"/>
</kw>
<kw name="Input Text" library="SeleniumLibrary">
<arg>id=emgcontacts_relationship</arg>
<arg>${relationship}</arg>
<doc>Types the given ``text`` into the text field identified by ``locator``.</doc>
<msg timestamp="20220317 18:01:08.970" level="INFO">Typing text 'Sister' into text field 'id=emgcontacts_relationship'.</msg>
<status status="PASS" starttime="20220317 18:01:08.970" endtime="20220317 18:01:09.137"/>
</kw>
<kw name="Input Text" library="SeleniumLibrary">
<arg>id=emgcontacts_homePhone</arg>
<arg>${home_telephone}</arg>
<doc>Types the given ``text`` into the text field identified by ``locator``.</doc>
<msg timestamp="20220317 18:01:09.139" level="INFO">Typing text '787878' into text field 'id=emgcontacts_homePhone'.</msg>
<status status="PASS" starttime="20220317 18:01:09.138" endtime="20220317 18:01:09.279"/>
</kw>
<kw name="Click Element" library="SeleniumLibrary">
<arg>id=btnSaveEContact</arg>
<doc>Click the element identified by ``locator``.</doc>
<msg timestamp="20220317 18:01:09.280" level="INFO">Clicking element 'id=btnSaveEContact'.</msg>
<status status="PASS" starttime="20220317 18:01:09.279" endtime="20220317 18:01:11.045"/>
</kw>
<kw name="Table Should Contain" library="SeleniumLibrary">
<arg>id=emgcontact_list</arg>
<arg>${contact_name}</arg>
<doc>Verifies table contains text ``expected``.</doc>
<status status="PASS" starttime="20220317 18:01:11.046" endtime="20220317 18:01:11.811"/>
</kw>
<kw name="Table Should Contain" library="SeleniumLibrary">
<arg>id=emgcontact_list</arg>
<arg>${home_telephone}</arg>
<doc>Verifies table contains text ``expected``.</doc>
<status status="PASS" starttime="20220317 18:01:11.811" endtime="20220317 18:01:12.369"/>
</kw>
<status status="PASS" starttime="20220317 18:00:58.439" endtime="20220317 18:01:12.370"/>
</kw>
<kw name="Close Browser" library="SeleniumLibrary" type="TEARDOWN">
<doc>Closes the current browser.</doc>
<status status="PASS" starttime="20220317 18:01:12.371" endtime="20220317 18:01:14.691"/>
</kw>
<status status="PASS" starttime="20220317 18:00:49.007" endtime="20220317 18:01:14.691"/>
</test>
<doc>This suite handles test case related to emergency contact</doc>
<status status="PASS" starttime="20220317 18:00:19.373" endtime="20220317 18:01:14.691"/>
</suite>
<statistics>
<total>
<stat pass="2" fail="0" skip="0">All Tests</stat>
</total>
<tag>
</tag>
<suite>
<stat pass="2" fail="0" skip="0" id="s1" name="Verify Emergency Contact Suite">Verify Emergency Contact Suite</stat>
</suite>
</statistics>
<errors>
<msg timestamp="20220317 18:00:49.007" level="WARN">Multiple test cases with name 'TC1' executed in test suite 'Verify Emergency Contact Suite'.</msg>
</errors>
</robot>
