<?xml version="1.0" encoding="UTF-8"?>
<robot generator="Robot 4.1.3 (Python 3.10.2 on win32)" generated="20220317 10:51:47.358" rpa="false" schemaversion="2">
<suite id="s1" name="Verify Validcredential Suite" source="D:\ROBOT\robot_framework\login_suite\verify_validcredential_suite.robot">
<test id="s1-t1" name="Verify Valid Credential Test">
<kw name="Open Browser" library="SeleniumLibrary">
<arg>browser=chrome</arg>
<arg>executable_path=${EXECDIR}${/}driver${/}chromedriver.exe</arg>
<doc>Opens a new browser instance to the optional ``url``.</doc>
<msg timestamp="20220317 10:51:47.969" level="INFO">Opening browser 'chrome' to base url 'None'.</msg>
<status status="PASS" starttime="20220317 10:51:47.968" endtime="20220317 10:51:52.197"/>
</kw>
<kw name="Maximize Browser Window" library="SeleniumLibrary">
<doc>Maximizes current browser window.</doc>
<status status="PASS" starttime="20220317 10:51:52.198" endtime="20220317 10:51:52.352"/>
</kw>
<kw name="Set Selenium Implicit Wait" library="SeleniumLibrary">
<arg>30s</arg>
<doc>Sets the implicit wait value used by Selenium.</doc>
<status status="PASS" starttime="20220317 10:51:52.353" endtime="20220317 10:51:52.356"/>
</kw>
<kw name="Go To" library="SeleniumLibrary">
<arg>url=https://opensource-demo.orangehrmlive.com/</arg>
<doc>Navigates the current browser window to the provided ``url``.</doc>
<msg timestamp="20220317 10:51:52.357" level="INFO">Opening url 'https://opensource-demo.orangehrmlive.com/'</msg>
<status status="PASS" starttime="20220317 10:51:52.356" endtime="20220317 10:51:59.176"/>
</kw>
<kw name="Input Text" library="SeleniumLibrary">
<arg>id=txtUsername</arg>
<arg>Admin</arg>
<doc>Types the given ``text`` into the text field identified by ``locator``.</doc>
<msg timestamp="20220317 10:51:59.182" level="INFO">Typing text 'Admin' into text field 'id=txtUsername'.</msg>
<status status="PASS" starttime="20220317 10:51:59.181" endtime="20220317 10:51:59.397"/>
</kw>
<kw name="Input Password" library="SeleniumLibrary">
<arg>id=txtPassword</arg>
<arg>admin123</arg>
<doc>Types the given password into the text field identified by ``locator``.</doc>
<msg timestamp="20220317 10:51:59.401" level="INFO">Typing password into text field 'id=txtPassword'.</msg>
<msg timestamp="20220317 10:51:59.512" level="INFO">Temporally setting log level to: NONE</msg>
<msg timestamp="20220317 10:51:59.615" level="INFO">Log level changed from NONE to INFO.</msg>
<status status="PASS" starttime="20220317 10:51:59.400" endtime="20220317 10:51:59.616"/>
</kw>
<kw name="Click Element" library="SeleniumLibrary">
<arg>id=btnLogin</arg>
<doc>Click the element identified by ``locator``.</doc>
<msg timestamp="20220317 10:51:59.617" level="INFO">Clicking element 'id=btnLogin'.</msg>
<status status="PASS" starttime="20220317 10:51:59.616" endtime="20220317 10:52:06.007"/>
</kw>
<kw name="Page Should Contain" library="SeleniumLibrary">
<arg>My Info</arg>
<doc>Verifies that current page contains ``text``.</doc>
<msg timestamp="20220317 10:52:06.117" level="INFO">Current page contains text 'My Info'.</msg>
<status status="PASS" starttime="20220317 10:52:06.012" endtime="20220317 10:52:06.117"/>
</kw>
<kw name="Close Browser" library="SeleniumLibrary" type="TEARDOWN">
<doc>Closes the current browser.</doc>
<status status="PASS" starttime="20220317 10:52:06.118" endtime="20220317 10:52:08.625"/>
</kw>
<status status="PASS" starttime="20220317 10:51:47.967" endtime="20220317 10:52:08.626"/>
</test>
<doc>This suite will handles all the test cases related to valid
credential test. Test case - TC_OH_2</doc>
<status status="PASS" starttime="20220317 10:51:47.362" endtime="20220317 10:52:08.630"/>
</suite>
<statistics>
<total>
<stat pass="1" fail="0" skip="0">All Tests</stat>
</total>
<tag>
</tag>
<suite>
<stat pass="1" fail="0" skip="0" id="s1" name="Verify Validcredential Suite">Verify Validcredential Suite</stat>
</suite>
</statistics>
<errors>
</errors>
</robot>
